Assets/bypassme/build/app/outputs/mapping/release/seeds.txt
io.securinets.bypassme.MainActivity
io.securinets.bypassme.MainActivity: MainActivity()
...
androidx.appcompat.widget.SearchView: void setQueryRefinementEnabled(boolean)
androidx.core.view.WindowInsetsCompat$Impl: void copyWindowDataInto(androidx.core.view.WindowInsetsCompat)
androidx.window.area.reflectionguard.ExtensionWindowAreaPresentationRequirements: void setPresentationView(android.view.View)
androidx.fragment.app.strictmode.FragmentStrictMode$Flag: androidx.fragment.app.strictmode.FragmentStrictMode$Flag[] values()
io.flutter.embedding.android.FlutterView$ZeroSides: io.flutter.embedding.android.FlutterView$ZeroSides[] values()
io.flutter.embedding.engine.FlutterJNI: void nativeRunBundleAndSnapshotFromLibrary(long,java.lang.String,java.lang.String,java.lang.String,android.content.res.AssetManager,java.util.List,long)
com.w3conext.jailbreak_root_detection.frida.AntiFridaNativeLoader: boolean scanModulesForSignature$default(com.w3conext.jailbreak_root_detection.frida.AntiFridaNativeLoader,java.lang.String,boolean,int,java.lang.Object)
androidx.core.content.res.ResourcesCompat$Api23Impl: int getColor(android.content.res.Resources,int,android.content.res.Resources$Theme)
androidx.lifecycle.ProcessLifecycleOwner$attach$1: void onActivityStopped(android.app.Activity)
androidx.core.app.NotificationCompatBuilder$Api26Impl: android.app.Notification$Builder setColorized(android.app.Notification$Builder,boolean)
io.flutter.embedding.engine.FlutterJNI: void onDisplayOverlaySurface(int,int,int,int,int)
androidx.core.app.RemoteInput$Api26Impl: java.util.Set getAllowedDataTypes(java.lang.Object)
io.flutter.embedding.engine.FlutterJNI: void nativeSurfaceWindowChanged(long,android.view.Surface)
androidx.biometric.CryptoObjectUtils$Api23Impl: void setBlockModeCBC(android.security.keystore.KeyGenParameterSpec$Builder)
io.flutter.embedding.engine.mutatorsstack.FlutterMutatorsStack: java.util.List getFinalClippingPaths()
androidx.appcompat.widget.SearchView: void setOnQueryTextFocusChangeListener(android.view.View$OnFocusChangeListener)
androidx.core.app.NotificationCompatBuilder$Api20Impl: android.app.Notification$Action$Builder addRemoteInput(android.app.Notification$Action$Builder,android.app.RemoteInput)
android.support.v4.app.RemoteActionCompatParcelizer: androidx.core.app.RemoteActionCompat read(androidx.versionedparcelable.VersionedParcel)
androidx.core.view.WindowInsetsCompat$Impl: void setStableInsets(androidx.core.graphics.Insets)
androidx.core.view.ViewCompat$Api21Impl: void setElevation(android.view.View,float)
io.flutter.embedding.engine.FlutterJNI: android.view.SurfaceControl$Transaction createTransaction()
androidx.core.app.RemoteInput$Api26Impl: android.app.RemoteInput$Builder setAllowDataType(android.app.RemoteInput$Builder,java.lang.String,boolean)
androidx.vectordrawable.graphics.drawable.VectorDrawableCompat$VGroup: void setTranslateY(float)
io.flutter.embedding.engine.FlutterJNI: void dispatchSemanticsAction(int,io.flutter.view.AccessibilityBridge$Action)
androidx.vectordrawable.graphics.drawable.VectorDrawableCompat$VGroup: void setPivotY(float)
io.flutter.embedding.engine.systemchannels.PlatformChannel$ClipboardContentFormat: io.flutter.embedding.engine.systemchannels.PlatformChannel$ClipboardContentFormat[] values()
androidx.core.app.NotificationCompatBuilder$Api26Impl: android.app.Notification$Builder setBadgeIconType(android.app.Notification$Builder,int)
io.flutter.embedding.engine.mutatorsstack.FlutterMutatorsStack: FlutterMutatorsStack()
androidx.appcompat.widget.AppCompatTextHelper$Api28Impl: android.graphics.Typeface create(android.graphics.Typeface,int,boolean)
com.google.android.gms.common.api.GoogleApiActivity: GoogleApiActivity()
androidx.core.view.ViewCompat$Api28Impl: void setAutofillId(android.view.View,androidx.core.view.autofill.AutofillIdCompat)
androidx.vectordrawable.graphics.drawable.VectorDrawableCompat$VGroup: float getRotation()
androidx.core.widget.TextViewCompat$Api23Impl: void setHyphenationFrequency(android.widget.TextView,int)