Assets/bypassme/build/app/outputs/mapping/release/mapping.txt
# compiler: R8
# compiler_version: 8.13.17
# min_api: 24
# common_typos_disable
# {"id":"com.android.tools.r8.mapping","version":"2.2"}
# pg_map_id: b10040ffca7514e1e529869931122d8639028516a895eef823896efccace2ca9
# pg_map_hash: SHA-256 b10040ffca7514e1e529869931122d8639028516a895eef823896efccace2ca9
io.securinets.bypassme.MainActivity -> io.securinets.bypassme.MainActivity:
# {"id":"sourceFile","fileName":"MainActivity.kt"}
    1:4:void <init>():5:5 -> <init>
...
io.flutter.plugin.platform.SingleViewPresentation -> io.flutter.plugin.platform.SingleViewPresentation:
# {"id":"sourceFile","fileName":"SingleViewPresentation.java"}
    io.flutter.plugin.platform.AccessibilityEventsDelegate accessibilityEventsDelegate -> accessibilityEventsDelegate
      # {"id":"com.android.tools.r8.residualsignature","signature":"Lf3/a;"}
    io.flutter.plugin.platform.SingleViewPresentation$AccessibilityDelegatingFrameLayout rootView -> rootView
      # {"id":"com.android.tools.r8.residualsignature","signature":"Lf3/l;"}
    io.flutter.plugin.platform.SingleViewPresentation$PresentationState state -> state
      # {"id":"com.android.tools.r8.residualsignature","signature":"Lf3/o;"}
    1:1:void <init>(android.content.Context,android.view.Display,io.flutter.plugin.platform.PlatformView,io.flutter.plugin.platform.AccessibilityEventsDelegate,int,android.view.View$OnFocusChangeListener):105:105 -> <init>
      # {"id":"com.android.tools.r8.residualsignature","signature":"(Landroid/content/Context;Landroid/view/Display;Lf3/f;Lf3/a;ILandroid/view/View$OnFocusChangeListener;)V"}
    2:2:void io.flutter.plugin.platform.SingleViewPresentation$ImmContext.<init>(android.content.Context):228:228 -> <init>
    2:2:void <init>(android.content.Context,android.view.Display,io.flutter.plugin.platform.PlatformView,io.flutter.plugin.platform.AccessibilityEventsDelegate,int,android.view.View$OnFocusChangeListener):105 -> <init>
io.flutter.plugin.platform.SingleViewPresentation$AccessibilityDelegatingFrameLayout -> f3.l:
# {"id":"sourceFile","fileName":"SingleViewPresentation.java"}
io.flutter.plugin.platform.SingleViewPresentation$ImmContext -> f3.m:
# {"id":"sourceFile","fileName":"SingleViewPresentation.java"}
    android.view.inputmethod.InputMethodManager inputMethodManager -> a
    1:6:void <init>(android.content.Context,android.view.inputmethod.InputMethodManager):232:232 -> <init>
    7:18:void <init>(android.content.Context,android.view.inputmethod.InputMethodManager):236:236 -> <init>
    1:4:android.content.Context createDisplayContext(android.view.Display):249:249 -> createDisplayContext
    5:12:android.content.Context createDisplayContext(android.view.Display):250:250 -> createDisplayContext
    1:8:java.lang.Object getSystemService(java.lang.String):241:241 -> getSystemService
    9:11:java.lang.Object getSystemService(java.lang.String):242:242 -> getSystemService
    12:16:java.lang.Object getSystemService(java.lang.String):244:244 -> getSystemService